Build started 15/12/2018 05:32:51 م.
     1>Project "F:\Books\Year5\Data_Structure\Project\DSProject_Code_S2018\CastleDSProject.vcxproj" on node 2 (Build target(s)).
     1>Link:
         C:\Program Files (x86)\Microsoft Visual Studio 12.0\VC\bin\link.exe /ERRORREPORT:PROMPT /OUT:".\Debug/CastleDSProject.exe" /INCREMENTAL /NOLOGO odbc32.lib odbccp32.lib winmm.lib kernel32.lib user32.lib gdi32.lib winspool.lib comdlg32.lib advapi32.lib shell32.lib ole32.lib oleaut32.lib uuid.lib odbc32.lib odbccp32.lib /MANIFEST /MANIFESTUAC:"level='asInvoker' uiAccess='false'" /manifest:embed /DEBUG /PDB:".\Debug/CastleDSProject.pdb" /SUBSYSTEM:CONSOLE /TLBID:1 /DYNAMICBASE /NXCOMPAT /IMPLIB:".\Debug\CastleDSProject.lib" /MACHINE:X86 /SAFESEH .\Debug/Battle.obj
         .\Debug/Castle.obj
         .\Debug/Tower.obj
         .\Debug/auxil.obj
         .\Debug/CMUgraphics.obj
         .\Debug/colors.obj
         .\Debug/image.obj
         .\Debug/jpegload.obj
         .\Debug/keyqueue.obj
         .\Debug/mousequeue.obj
         .\Debug/windowinput.obj
         .\Debug/jcomapi.obj
         .\Debug/jcparam.obj
         .\Debug/jdapimin.obj
         .\Debug/jdapistd.obj
         .\Debug/jdatasrc.obj
         .\Debug/jdcoefct.obj
         .\Debug/jdcolor.obj
         .\Debug/jddctmgr.obj
         .\Debug/jdhuff.obj
         .\Debug/jdinput.obj
         .\Debug/jdmainct.obj
         .\Debug/jdmarker.obj
         .\Debug/jdmaster.obj
         .\Debug/jdmerge.obj
         .\Debug/jdphuff.obj
         .\Debug/jdpostct.obj
         .\Debug/jdsample.obj
         .\Debug/jdtrans.obj
         .\Debug/jerror.obj
         .\Debug/jidctflt.obj
         .\Debug/jidctfst.obj
         .\Debug/jidctint.obj
         .\Debug/jidctred.obj
         .\Debug/jmemmgr.obj
         .\Debug/jmemnobs.obj
         .\Debug/jquant1.obj
         .\Debug/jquant2.obj
         .\Debug/jutils.obj
         .\Debug/Demo_Main.obj
         .\Debug/Enemy.obj
         .\Debug/EnemyFighter.obj
         .\Debug/EnemyFreezer.obj
         .\Debug/EnemyHealer.obj
         .\Debug/GUI.obj
         LINK : .\Debug/CastleDSProject.exe not found or not built by the last incremental link; performing full link
     1>Battle.obj : warning LNK4075: ignoring '/EDITANDCONTINUE' due to '/SAFESEH' specification
         CastleDSProject.vcxproj -> F:\Books\Year5\Data_Structure\Project\DSProject_Code_S2018\.\Debug\CastleDSProject.exe
     1>Done Building Project "F:\Books\Year5\Data_Structure\Project\DSProject_Code_S2018\CastleDSProject.vcxproj" (Build target(s)).

Build succeeded.

Time Elapsed 00:00:04.17
